Starting Selenium Grid
[jenkins] $ /usr/lib/jvm/java-21-openjdk-amd64/bin/java -cp /var/cache/jenkins/war/WEB-INF/lib/remoting-3206.vb_15dcf73f6a_9.jar:/var/lib/jenkins/plugins/selenium/WEB-INF/lib/selenium-server-standalone-3.141.59.jar:/var/lib/jenkins/plugins/selenium/WEB-INF/lib/htmlunit-driver-standalone-2.33.3.jar hudson.remoting.Launcher -connectTo localhost:46819
WARNING: The "-connectTo" argument is deprecated and will be removed without replacement in a future release.
Starting Selenium Grid
channel started
May 01, 2024 11:39:51 AM hudson.plugins.selenium.HubLauncher call
OFF: Grid hub starting with log level INFO
May 01, 2024 11:39:52 AM hudson.plugins.selenium.HubLauncher call
OFF: Grid Hub preparing to start on port 4444
2024-05-01 11:39:54.072:INFO::pool-1-thread-2 for channel id=0: Logging initialized @12231ms to org.seleniumhq.jetty9.util.log.StdErrLog
2024-05-01 11:39:54.195:INFO:osjs.Server:pool-1-thread-2 for channel id=0: jetty-9.4.z-SNAPSHOT; built: 2018-08-30T13:59:14.071Z; git: 27208684755d94a92186989f695db2d7b21ebc51; jvm 21.0.3+9-Ubuntu-1ubuntu1
2024-05-01 11:39:54.248:INFO:osjs.session:pool-1-thread-2 for channel id=0: DefaultSessionIdManager workerName=node0
2024-05-01 11:39:54.249:INFO:osjs.session:pool-1-thread-2 for channel id=0: No SessionScavenger set, using defaults
2024-05-01 11:39:54.253:INFO:osjs.session:pool-1-thread-2 for channel id=0: node0 Scavenging every 660000ms
2024-05-01 11:39:54.266:INFO:osjsh.ContextHandler:pool-1-thread-2 for channel id=0: Started o.s.j.s.ServletContextHandler@20fc3b71{/,null,AVAILABLE}
May 01, 2024 11:39:54 AM org.openqa.grid.internal.DefaultGridRegistry assignRequestToProxy
INFO: Shutting down registry.
2024-05-01 11:39:54.283:INFO:osjs.AbstractConnector:pool-1-thread-2 for channel id=0: Stopped ServerConnector@61725136{HTTP/1.1,[http/1.1]}{3.27.65.46:4444}
2024-05-01 11:39:54.284:INFO:osjs.session:pool-1-thread-2 for channel id=0: node0 Stopped scavenging
2024-05-01 11:39:54.286:INFO:osjsh.ContextHandler:pool-1-thread-2 for channel id=0: Stopped o.s.j.s.ServletContextHandler@20fc3b71{/,null,UNAVAILABLE}
May 01, 2024 11:39:54 AM org.openqa.grid.web.Hub start
SEVERE: Port 4444 is busy, please choose a free port for the hub and specify it using -port option
May 01, 2024 11:39:54 AM hudson.plugins.selenium.HubLauncher call
OFF: Grid Hub started on port 4444 with args: -maxSession 5 -timeout 300 -browserTimeout 0 -host 3.27.65.46
